<?xml version="1.0" encoding="UTF-8"?>
<TestRun id="256939b5-c2e1-4bd1-8d34-24b7b440f7b3" name="dlepelley@DLEPELLEY-VE 2013-07-16 11:54:16" runUser="dlepelley-VE\dlepelley" xmlns="http://microsoft.com/schemas/VisualStudio/TeamTest/2010">
  <TestSettings name="Local" id="be81803b-c813-48ad-959c-dcd02ef2e904">
    <Description>These are default test settings for a local test run.</Description>
    <Deployment userDeploymentRoot="C:\Users\dlepelley\Documents\Code\Newton Framework\Test.NewtonFramework\TestResults" useDefaultDeploymentRoot="false" enabled="false" runDeploymentRoot="dlepelley_DLEPELLEY-VE 2013-07-16 11_54_16">
      <DeploymentItem filename="C:\Users\dlepelley\Documents\Code\Newton Framework\Newton.Dev\bin\Release\Newton.Dev.dll" />
      <DeploymentItem filename="C:\Users\dlepelley\Documents\Code\Newton Framework\Newton.Testing\bin\Release\Newton.Testing.dll" />
      <DeploymentItem filename="C:\Users\dlepelley\Documents\Newton Framework Build\Newton.DA.dll" />
    </Deployment>
    <Execution>
      <TestTypeSpecific />
      <AgentRule name="Execution Agents">
      </AgentRule>
    </Execution>
  </TestSettings>
  <Times creation="2013-07-16T11:54:16.1609026+01:00" queuing="2013-07-16T11:54:18.3350269+01:00" start="2013-07-16T11:54:18.6090426+01:00" finish="2013-07-16T11:55:37.9645815+01:00" />
  <ResultSummary outcome="Error">
    <Counters total="1" executed="1" error="0" failed="0" timeout="0" aborted="1" inconclusive="0" passedButRunAborted="0" notRunnable="0" notExecuted="0" disconnected="0" warning="0" passed="0" completed="0" inProgress="0" pending="0" />
    <RunInfos>
      <RunInfo computerName="DLEPELLEY-VE" outcome="Error" timestamp="2013-07-16T11:55:37.9625814+01:00">
        <Text>Test host process exited unexpectedly.</Text>
      </RunInfo>
    </RunInfos>
  </ResultSummary>
  <TestDefinitions>
    <UnitTest name="NullableToStringTest1" storage="c:\users\dlepelley\documents\code\newton framework\test.newtonframework\test.newtonframework\bin\release\test.newtonframework.dll" id="e1a61fd1-0d6e-d55c-d6d5-c26115c63fbe">
      <Owners>
        <Owner name="Extensions.Nullable" />
      </Owners>
      <Execution id="073d800c-6ad7-4ce4-8dcb-d97c95016ee7" />
      <TestMethod codeBase="C:/Users/dlepelley/Documents/Code/Newton Framework/Test.NewtonFramework/Test.NewtonFramework/bin/Release/Test.NewtonFramework.DLL" adapterTypeName="Microsoft.VisualStudio.TestTools.TestTypes.Unit.UnitTestAdapter, Microsoft.VisualStudio.QualityTools.Tips.UnitTest.Adapter, Version=10.0.0.0, Culture=neutral, PublicKeyToken=b03f5f7f11d50a3a" className="Test.NewtonFramework.NullablesTest, Test.NewtonFramework, Version=1.0.0.0, Culture=neutral, PublicKeyToken=null" name="NullableToStringTest1" />
    </UnitTest>
  </TestDefinitions>
  <TestLists>
    <TestList name="Results Not in a List" id="8c84fa94-04c1-424b-9868-57a2d4851a1d" />
    <TestList name="All Loaded Results" id="19431567-8539-422a-85d7-44ee4e166bda" />
  </TestLists>
  <TestEntries>
    <TestEntry testId="e1a61fd1-0d6e-d55c-d6d5-c26115c63fbe" executionId="073d800c-6ad7-4ce4-8dcb-d97c95016ee7" testListId="8c84fa94-04c1-424b-9868-57a2d4851a1d" />
  </TestEntries>
  <Results>
    <UnitTestResult executionId="073d800c-6ad7-4ce4-8dcb-d97c95016ee7" testId="e1a61fd1-0d6e-d55c-d6d5-c26115c63fbe" testName="NullableToStringTest1" computerName="DLEPELLEY-VE" duration="00:01:19.1545274" startTime="2013-07-16T11:54:18.8100541+01:00" endTime="2013-07-16T11:55:37.9645815+01:00" testType="13cdc9d9-ddb5-4fa4-a97d-d965ccfc6d4b" outcome="Aborted" testListId="8c84fa94-04c1-424b-9868-57a2d4851a1d" relativeResultsDirectory="073d800c-6ad7-4ce4-8dcb-d97c95016ee7">
    </UnitTestResult>
  </Results>
</TestRun>