<?xml version="1.0" encoding="UTF-8"?>
<TestRun id="07ca458d-7a74-4cc3-82a3-e4c5b932f583" name="dlepelley@DLEPELLEY-VE 2013-07-08 19:17:01" runUser="dlepelley-VE\dlepelley" xmlns="http://microsoft.com/schemas/VisualStudio/TeamTest/2010">
  <TestSettings name="Local" id="be81803b-c813-48ad-959c-dcd02ef2e904">
    <Description>These are default test settings for a local test run.</Description>
    <Deployment enabled="false" runDeploymentRoot="dlepelley_DLEPELLEY-VE 2013-07-08 19_17_01">
      <DeploymentItem filename="C:\Users\dlepelley\Documents\Code\Newton Framework\Newton.Dev\bin\Release\Newton.Dev.dll" />
      <DeploymentItem filename="C:\Users\dlepelley\Documents\Code\Newton Framework\Newton.Testing\bin\Release\Newton.Testing.dll" />
      <DeploymentItem filename="C:\Users\dlepelley\Documents\Newton Framework Build\Newton.DA.dll" />
    </Deployment>
    <Execution>
      <TestTypeSpecific />
      <AgentRule name="Execution Agents">
      </AgentRule>
    </Execution>
  </TestSettings>
  <Times creation="2013-07-08T19:17:01.9618090+01:00" queuing="2013-07-08T19:17:02.0488139+01:00" start="2013-07-08T19:17:02.0958166+01:00" finish="2013-07-08T19:17:02.4668378+01:00" />
  <ResultSummary outcome="Completed">
    <Counters total="4" executed="4" passed="4" error="0" failed="0" timeout="0" aborted="0" inconclusive="0" passedButRunAborted="0" notRunnable="0" notExecuted="0" disconnected="0" warning="0" completed="0" inProgress="0" pending="0" />
  </ResultSummary>
  <TestDefinitions>
    <UnitTest name="PeriodOfTime_Conflicts1" storage="c:\users\dlepelley\documents\code\newton framework\test.newtonframework\test.newtonframework\bin\release\test.newtonframework.dll" id="678e27d2-14d7-036f-6413-98043c45503f">
      <Owners>
        <Owner name="PeriodOfTime" />
      </Owners>
      <Execution id="d3b87531-d893-4ede-bbee-9b48e1ee8f46" />
      <TestMethod codeBase="C:/Users/dlepelley/Documents/Code/Newton Framework/Test.NewtonFramework/Test.NewtonFramework/bin/Release/Test.NewtonFramework.DLL" adapterTypeName="Microsoft.VisualStudio.TestTools.TestTypes.Unit.UnitTestAdapter, Microsoft.VisualStudio.QualityTools.Tips.UnitTest.Adapter, Version=10.0.0.0, Culture=neutral, PublicKeyToken=b03f5f7f11d50a3a" className="Test.NewtonFramework.PeriodOfTimeExtensionsTest, Test.NewtonFramework, Version=1.0.0.0, Culture=neutral, PublicKeyToken=null" name="PeriodOfTime_Conflicts1" />
    </UnitTest>
    <UnitTest name="PeriodOfTime_Conflicts4" storage="c:\users\dlepelley\documents\code\newton framework\test.newtonframework\test.newtonframework\bin\release\test.newtonframework.dll" id="b1e90189-e524-cbcd-e82d-524f03f103bf">
      <Owners>
        <Owner name="PeriodOfTime" />
      </Owners>
      <Execution id="3ce9d799-2652-4401-b8d0-05bc418bbf3a" />
      <TestMethod codeBase="C:/Users/dlepelley/Documents/Code/Newton Framework/Test.NewtonFramework/Test.NewtonFramework/bin/Release/Test.NewtonFramework.DLL" adapterTypeName="Microsoft.VisualStudio.TestTools.TestTypes.Unit.UnitTestAdapter, Microsoft.VisualStudio.QualityTools.Tips.UnitTest.Adapter, Version=10.0.0.0, Culture=neutral, PublicKeyToken=b03f5f7f11d50a3a" className="Test.NewtonFramework.PeriodOfTimeExtensionsTest, Test.NewtonFramework, Version=1.0.0.0, Culture=neutral, PublicKeyToken=null" name="PeriodOfTime_Conflicts4" />
    </UnitTest>
    <UnitTest name="PeriodOfTime_Conflicts3" storage="c:\users\dlepelley\documents\code\newton framework\test.newtonframework\test.newtonframework\bin\release\test.newtonframework.dll" id="5e77d3c6-290f-3ec8-2d35-9d90368b387a">
      <Owners>
        <Owner name="PeriodOfTime" />
      </Owners>
      <Execution id="bb9f73b3-4955-411e-a5c0-783a6a44858b" />
      <TestMethod codeBase="C:/Users/dlepelley/Documents/Code/Newton Framework/Test.NewtonFramework/Test.NewtonFramework/bin/Release/Test.NewtonFramework.DLL" adapterTypeName="Microsoft.VisualStudio.TestTools.TestTypes.Unit.UnitTestAdapter, Microsoft.VisualStudio.QualityTools.Tips.UnitTest.Adapter, Version=10.0.0.0, Culture=neutral, PublicKeyToken=b03f5f7f11d50a3a" className="Test.NewtonFramework.PeriodOfTimeExtensionsTest, Test.NewtonFramework, Version=1.0.0.0, Culture=neutral, PublicKeyToken=null" name="PeriodOfTime_Conflicts3" />
    </UnitTest>
    <UnitTest name="PeriodOfTime_Conflicts2" storage="c:\users\dlepelley\documents\code\newton framework\test.newtonframework\test.newtonframework\bin\release\test.newtonframework.dll" id="87b22252-eecd-ce35-c39b-45f9c1344c40">
      <Owners>
        <Owner name="PeriodOfTime" />
      </Owners>
      <Execution id="c53d6686-34db-481c-8a4b-75c3f41810ea" />
      <TestMethod codeBase="C:/Users/dlepelley/Documents/Code/Newton Framework/Test.NewtonFramework/Test.NewtonFramework/bin/Release/Test.NewtonFramework.DLL" adapterTypeName="Microsoft.VisualStudio.TestTools.TestTypes.Unit.UnitTestAdapter, Microsoft.VisualStudio.QualityTools.Tips.UnitTest.Adapter, Version=10.0.0.0, Culture=neutral, PublicKeyToken=b03f5f7f11d50a3a" className="Test.NewtonFramework.PeriodOfTimeExtensionsTest, Test.NewtonFramework, Version=1.0.0.0, Culture=neutral, PublicKeyToken=null" name="PeriodOfTime_Conflicts2" />
    </UnitTest>
  </TestDefinitions>
  <TestLists>
    <TestList name="Results Not in a List" id="8c84fa94-04c1-424b-9868-57a2d4851a1d" />
    <TestList name="All Loaded Results" id="19431567-8539-422a-85d7-44ee4e166bda" />
  </TestLists>
  <TestEntries>
    <TestEntry testId="b1e90189-e524-cbcd-e82d-524f03f103bf" executionId="3ce9d799-2652-4401-b8d0-05bc418bbf3a" testListId="8c84fa94-04c1-424b-9868-57a2d4851a1d" />
    <TestEntry testId="5e77d3c6-290f-3ec8-2d35-9d90368b387a" executionId="bb9f73b3-4955-411e-a5c0-783a6a44858b" testListId="8c84fa94-04c1-424b-9868-57a2d4851a1d" />
    <TestEntry testId="87b22252-eecd-ce35-c39b-45f9c1344c40" executionId="c53d6686-34db-481c-8a4b-75c3f41810ea" testListId="8c84fa94-04c1-424b-9868-57a2d4851a1d" />
    <TestEntry testId="678e27d2-14d7-036f-6413-98043c45503f" executionId="d3b87531-d893-4ede-bbee-9b48e1ee8f46" testListId="8c84fa94-04c1-424b-9868-57a2d4851a1d" />
  </TestEntries>
  <Results>
    <UnitTestResult executionId="3ce9d799-2652-4401-b8d0-05bc418bbf3a" testId="b1e90189-e524-cbcd-e82d-524f03f103bf" testName="PeriodOfTime_Conflicts4" computerName="DLEPELLEY-VE" duration="00:00:00.0261362" startTime="2013-07-08T19:17:02.1068173+01:00" endTime="2013-07-08T19:17:02.3818330+01:00" testType="13cdc9d9-ddb5-4fa4-a97d-d965ccfc6d4b" outcome="Passed" testListId="8c84fa94-04c1-424b-9868-57a2d4851a1d" relativeResultsDirectory="3ce9d799-2652-4401-b8d0-05bc418bbf3a">
    </UnitTestResult>
    <UnitTestResult executionId="bb9f73b3-4955-411e-a5c0-783a6a44858b" testId="5e77d3c6-290f-3ec8-2d35-9d90368b387a" testName="PeriodOfTime_Conflicts3" computerName="DLEPELLEY-VE" duration="00:00:00.0008608" startTime="2013-07-08T19:17:02.3928336+01:00" endTime="2013-07-08T19:17:02.4018341+01:00" testType="13cdc9d9-ddb5-4fa4-a97d-d965ccfc6d4b" outcome="Passed" testListId="8c84fa94-04c1-424b-9868-57a2d4851a1d" relativeResultsDirectory="bb9f73b3-4955-411e-a5c0-783a6a44858b">
    </UnitTestResult>
    <UnitTestResult executionId="c53d6686-34db-481c-8a4b-75c3f41810ea" testId="87b22252-eecd-ce35-c39b-45f9c1344c40" testName="PeriodOfTime_Conflicts2" computerName="DLEPELLEY-VE" duration="00:00:00.0039187" startTime="2013-07-08T19:17:02.4098346+01:00" endTime="2013-07-08T19:17:02.4178350+01:00" testType="13cdc9d9-ddb5-4fa4-a97d-d965ccfc6d4b" outcome="Passed" testListId="8c84fa94-04c1-424b-9868-57a2d4851a1d" relativeResultsDirectory="c53d6686-34db-481c-8a4b-75c3f41810ea">
    </UnitTestResult>
    <UnitTestResult executionId="d3b87531-d893-4ede-bbee-9b48e1ee8f46" testId="678e27d2-14d7-036f-6413-98043c45503f" testName="PeriodOfTime_Conflicts1" computerName="DLEPELLEY-VE" duration="00:00:00.0012127" startTime="2013-07-08T19:17:02.4298357+01:00" endTime="2013-07-08T19:17:02.4348360+01:00" testType="13cdc9d9-ddb5-4fa4-a97d-d965ccfc6d4b" outcome="Passed" testListId="8c84fa94-04c1-424b-9868-57a2d4851a1d" relativeResultsDirectory="d3b87531-d893-4ede-bbee-9b48e1ee8f46">
    </UnitTestResult>
  </Results>
</TestRun>