<?xml version="1.0" encoding="UTF-8"?>
<TestRun id="05929aee-ae2b-4a64-be0a-fa30c362d00d" name="dlepelley@DLEPELLEY-VE 2013-07-08 19:02:16" runUser="dlepelley-VE\dlepelley" xmlns="http://microsoft.com/schemas/VisualStudio/TeamTest/2010">
  <TestSettings name="Local" id="be81803b-c813-48ad-959c-dcd02ef2e904">
    <Description>These are default test settings for a local test run.</Description>
    <Deployment enabled="false" runDeploymentRoot="dlepelley_DLEPELLEY-VE 2013-07-08 19_02_16">
      <DeploymentItem filename="C:\Users\dlepelley\Documents\Code\Newton Framework\Newton.Dev\bin\Release\Newton.Dev.dll" />
      <DeploymentItem filename="C:\Users\dlepelley\Documents\Code\Newton Framework\Newton.Testing\bin\Release\Newton.Testing.dll" />
      <DeploymentItem filename="C:\Users\dlepelley\Documents\Newton Framework Build\Newton.DA.dll" />
    </Deployment>
    <Execution>
      <TestTypeSpecific />
      <AgentRule name="Execution Agents">
      </AgentRule>
    </Execution>
  </TestSettings>
  <Times creation="2013-07-08T19:02:16.2441488+01:00" queuing="2013-07-08T19:02:19.0943118+01:00" start="2013-07-08T19:02:19.3623272+01:00" finish="2013-07-08T19:03:11.9183332+01:00" />
  <ResultSummary outcome="Error">
    <Counters total="3" executed="1" error="0" failed="0" timeout="0" aborted="1" inconclusive="0" passedButRunAborted="0" notRunnable="0" notExecuted="2" disconnected="0" warning="0" passed="0" completed="0" inProgress="0" pending="0" />
    <RunInfos>
      <RunInfo computerName="DLEPELLEY-VE" outcome="Error" timestamp="2013-07-08T19:03:11.9113328+01:00">
        <Text>Test host process exited unexpectedly.</Text>
      </RunInfo>
    </RunInfos>
  </ResultSummary>
  <TestDefinitions>
    <UnitTest name="PeriodOfTime_Conflicts1" storage="c:\users\dlepelley\documents\code\newton framework\test.newtonframework\test.newtonframework\bin\release\test.newtonframework.dll" id="678e27d2-14d7-036f-6413-98043c45503f">
      <Owners>
        <Owner name="PeriodOfTime" />
      </Owners>
      <Execution id="af5440ab-36fc-4c85-9b74-5c986e36b252" />
      <TestMethod codeBase="C:/Users/dlepelley/Documents/Code/Newton Framework/Test.NewtonFramework/Test.NewtonFramework/bin/Release/Test.NewtonFramework.DLL" adapterTypeName="Microsoft.VisualStudio.TestTools.TestTypes.Unit.UnitTestAdapter, Microsoft.VisualStudio.QualityTools.Tips.UnitTest.Adapter, Version=10.0.0.0, Culture=neutral, PublicKeyToken=b03f5f7f11d50a3a" className="Test.NewtonFramework.PeriodOfTimeExtensionsTest, Test.NewtonFramework, Version=1.0.0.0, Culture=neutral, PublicKeyToken=null" name="PeriodOfTime_Conflicts1" />
    </UnitTest>
    <UnitTest name="PeriodOfTime_Conflicts3" storage="c:\users\dlepelley\documents\code\newton framework\test.newtonframework\test.newtonframework\bin\release\test.newtonframework.dll" id="5e77d3c6-290f-3ec8-2d35-9d90368b387a">
      <Owners>
        <Owner name="PeriodOfTime" />
      </Owners>
      <Execution id="47906f2c-48aa-4eeb-a048-896499e88c30" />
      <TestMethod codeBase="C:/Users/dlepelley/Documents/Code/Newton Framework/Test.NewtonFramework/Test.NewtonFramework/bin/Release/Test.NewtonFramework.DLL" adapterTypeName="Microsoft.VisualStudio.TestTools.TestTypes.Unit.UnitTestAdapter, Microsoft.VisualStudio.QualityTools.Tips.UnitTest.Adapter, Version=10.0.0.0, Culture=neutral, PublicKeyToken=b03f5f7f11d50a3a" className="Test.NewtonFramework.PeriodOfTimeExtensionsTest, Test.NewtonFramework, Version=1.0.0.0, Culture=neutral, PublicKeyToken=null" name="PeriodOfTime_Conflicts3" />
    </UnitTest>
    <UnitTest name="PeriodOfTime_Conflicts2" storage="c:\users\dlepelley\documents\code\newton framework\test.newtonframework\test.newtonframework\bin\release\test.newtonframework.dll" id="87b22252-eecd-ce35-c39b-45f9c1344c40">
      <Owners>
        <Owner name="PeriodOfTime" />
      </Owners>
      <Execution id="1b837ad4-65d2-4cf6-ac41-c20dee697e3e" />
      <TestMethod codeBase="C:/Users/dlepelley/Documents/Code/Newton Framework/Test.NewtonFramework/Test.NewtonFramework/bin/Release/Test.NewtonFramework.DLL" adapterTypeName="Microsoft.VisualStudio.TestTools.TestTypes.Unit.UnitTestAdapter, Microsoft.VisualStudio.QualityTools.Tips.UnitTest.Adapter, Version=10.0.0.0, Culture=neutral, PublicKeyToken=b03f5f7f11d50a3a" className="Test.NewtonFramework.PeriodOfTimeExtensionsTest, Test.NewtonFramework, Version=1.0.0.0, Culture=neutral, PublicKeyToken=null" name="PeriodOfTime_Conflicts2" />
    </UnitTest>
  </TestDefinitions>
  <TestLists>
    <TestList name="Results Not in a List" id="8c84fa94-04c1-424b-9868-57a2d4851a1d" />
    <TestList name="All Loaded Results" id="19431567-8539-422a-85d7-44ee4e166bda" />
  </TestLists>
  <TestEntries>
    <TestEntry testId="5e77d3c6-290f-3ec8-2d35-9d90368b387a" executionId="47906f2c-48aa-4eeb-a048-896499e88c30" testListId="8c84fa94-04c1-424b-9868-57a2d4851a1d" />
    <TestEntry testId="87b22252-eecd-ce35-c39b-45f9c1344c40" executionId="1b837ad4-65d2-4cf6-ac41-c20dee697e3e" testListId="8c84fa94-04c1-424b-9868-57a2d4851a1d" />
    <TestEntry testId="678e27d2-14d7-036f-6413-98043c45503f" executionId="af5440ab-36fc-4c85-9b74-5c986e36b252" testListId="8c84fa94-04c1-424b-9868-57a2d4851a1d" />
  </TestEntries>
  <Results>
    <UnitTestResult executionId="47906f2c-48aa-4eeb-a048-896499e88c30" testId="5e77d3c6-290f-3ec8-2d35-9d90368b387a" testName="PeriodOfTime_Conflicts3" computerName="DLEPELLEY-VE" duration="00:00:52.2959912" startTime="2013-07-08T19:02:19.6223420+01:00" endTime="2013-07-08T19:03:11.9183332+01:00" testType="13cdc9d9-ddb5-4fa4-a97d-d965ccfc6d4b" outcome="Aborted" testListId="8c84fa94-04c1-424b-9868-57a2d4851a1d" relativeResultsDirectory="47906f2c-48aa-4eeb-a048-896499e88c30">
    </UnitTestResult>
    <UnitTestResult executionId="1b837ad4-65d2-4cf6-ac41-c20dee697e3e" testId="87b22252-eecd-ce35-c39b-45f9c1344c40" testName="PeriodOfTime_Conflicts2" computerName="DLEPELLEY-VE" testType="13cdc9d9-ddb5-4fa4-a97d-d965ccfc6d4b" outcome="NotExecuted" testListId="8c84fa94-04c1-424b-9868-57a2d4851a1d" relativeResultsDirectory="1b837ad4-65d2-4cf6-ac41-c20dee697e3e">
    </UnitTestResult>
    <UnitTestResult executionId="af5440ab-36fc-4c85-9b74-5c986e36b252" testId="678e27d2-14d7-036f-6413-98043c45503f" testName="PeriodOfTime_Conflicts1" computerName="DLEPELLEY-VE" testType="13cdc9d9-ddb5-4fa4-a97d-d965ccfc6d4b" outcome="NotExecuted" testListId="8c84fa94-04c1-424b-9868-57a2d4851a1d" relativeResultsDirectory="af5440ab-36fc-4c85-9b74-5c986e36b252">
    </UnitTestResult>
  </Results>
</TestRun>