<?xml version="1.0" encoding="UTF-8"?>
<TestRun id="3c50c0e3-ba46-4450-af52-649b26f04032" name="dlepelley@DLEPELLEY-VE 2013-07-16 11:55:47" runUser="dlepelley-VE\dlepelley" xmlns="http://microsoft.com/schemas/VisualStudio/TeamTest/2010">
  <TestSettings name="Local" id="be81803b-c813-48ad-959c-dcd02ef2e904">
    <Description>These are default test settings for a local test run.</Description>
    <Deployment enabled="false" runDeploymentRoot="dlepelley_DLEPELLEY-VE 2013-07-16 11_55_47">
      <DeploymentItem filename="C:\Users\dlepelley\Documents\Code\Newton Framework\Newton.Dev\bin\Release\Newton.Dev.dll" />
      <DeploymentItem filename="C:\Users\dlepelley\Documents\Code\Newton Framework\Newton.Testing\bin\Release\Newton.Testing.dll" />
      <DeploymentItem filename="C:\Users\dlepelley\Documents\Newton Framework Build\Newton.DA.dll" />
    </Deployment>
    <Execution>
      <TestTypeSpecific />
      <AgentRule name="Execution Agents">
      </AgentRule>
    </Execution>
  </TestSettings>
  <Times creation="2013-07-16T11:55:47.1851089+01:00" queuing="2013-07-16T11:55:48.9242084+01:00" start="2013-07-16T11:55:49.1952239+01:00" finish="2013-07-16T11:55:56.9636682+01:00" />
  <ResultSummary outcome="Failed">
    <Counters total="2" executed="2" passed="1" error="0" failed="1" timeout="0" aborted="0" inconclusive="0" passedButRunAborted="0" notRunnable="0" notExecuted="0" disconnected="0" warning="0" completed="0" inProgress="0" pending="0" />
  </ResultSummary>
  <TestDefinitions>
    <UnitTest name="NullableToStringTest3" storage="c:\users\dlepelley\documents\code\newton framework\test.newtonframework\test.newtonframework\bin\release\test.newtonframework.dll" id="7a365626-7ad5-153b-2b62-97fe118286e2">
      <Owners>
        <Owner name="Extensions.Nullable" />
      </Owners>
      <Execution id="16dc9ba4-b8c2-4e4c-896f-9dacdf203af1" />
      <TestMethod codeBase="C:/Users/dlepelley/Documents/Code/Newton Framework/Test.NewtonFramework/Test.NewtonFramework/bin/Release/Test.NewtonFramework.DLL" adapterTypeName="Microsoft.VisualStudio.TestTools.TestTypes.Unit.UnitTestAdapter, Microsoft.VisualStudio.QualityTools.Tips.UnitTest.Adapter, Version=10.0.0.0, Culture=neutral, PublicKeyToken=b03f5f7f11d50a3a" className="Test.NewtonFramework.NullablesTest, Test.NewtonFramework, Version=1.0.0.0, Culture=neutral, PublicKeyToken=null" name="NullableToStringTest3" />
    </UnitTest>
    <UnitTest name="NullableToStringTest1" storage="c:\users\dlepelley\documents\code\newton framework\test.newtonframework\test.newtonframework\bin\release\test.newtonframework.dll" id="e1a61fd1-0d6e-d55c-d6d5-c26115c63fbe">
      <Owners>
        <Owner name="Extensions.Nullable" />
      </Owners>
      <Execution id="d929a545-d2a8-4b06-ada5-cb3dcca46b32" />
      <TestMethod codeBase="C:/Users/dlepelley/Documents/Code/Newton Framework/Test.NewtonFramework/Test.NewtonFramework/bin/Release/Test.NewtonFramework.DLL" adapterTypeName="Microsoft.VisualStudio.TestTools.TestTypes.Unit.UnitTestAdapter, Microsoft.VisualStudio.QualityTools.Tips.UnitTest.Adapter, Version=10.0.0.0, Culture=neutral, PublicKeyToken=b03f5f7f11d50a3a" className="Test.NewtonFramework.NullablesTest, Test.NewtonFramework, Version=1.0.0.0, Culture=neutral, PublicKeyToken=null" name="NullableToStringTest1" />
    </UnitTest>
  </TestDefinitions>
  <TestLists>
    <TestList name="Results Not in a List" id="8c84fa94-04c1-424b-9868-57a2d4851a1d" />
    <TestList name="All Loaded Results" id="19431567-8539-422a-85d7-44ee4e166bda" />
  </TestLists>
  <TestEntries>
    <TestEntry testId="7a365626-7ad5-153b-2b62-97fe118286e2" executionId="16dc9ba4-b8c2-4e4c-896f-9dacdf203af1" testListId="8c84fa94-04c1-424b-9868-57a2d4851a1d" />
    <TestEntry testId="e1a61fd1-0d6e-d55c-d6d5-c26115c63fbe" executionId="d929a545-d2a8-4b06-ada5-cb3dcca46b32" testListId="8c84fa94-04c1-424b-9868-57a2d4851a1d" />
  </TestEntries>
  <Results>
    <UnitTestResult executionId="16dc9ba4-b8c2-4e4c-896f-9dacdf203af1" testId="7a365626-7ad5-153b-2b62-97fe118286e2" testName="NullableToStringTest3" computerName="DLEPELLEY-VE" duration="00:00:00.1687593" startTime="2013-07-16T11:55:49.4302373+01:00" endTime="2013-07-16T11:55:51.3103448+01:00" testType="13cdc9d9-ddb5-4fa4-a97d-d965ccfc6d4b" outcome="Passed" testListId="8c84fa94-04c1-424b-9868-57a2d4851a1d" relativeResultsDirectory="16dc9ba4-b8c2-4e4c-896f-9dacdf203af1">
    </UnitTestResult>
    <UnitTestResult executionId="d929a545-d2a8-4b06-ada5-cb3dcca46b32" testId="e1a61fd1-0d6e-d55c-d6d5-c26115c63fbe" testName="NullableToStringTest1" computerName="DLEPELLEY-VE" duration="00:00:05.5088163" startTime="2013-07-16T11:55:51.3373464+01:00" endTime="2013-07-16T11:55:56.8526618+01:00" testType="13cdc9d9-ddb5-4fa4-a97d-d965ccfc6d4b" outcome="Failed" testListId="8c84fa94-04c1-424b-9868-57a2d4851a1d" relativeResultsDirectory="d929a545-d2a8-4b06-ada5-cb3dcca46b32">
      <Output>
        <ErrorInfo>
          <Message>Assert.AreEqual failed. Expected:&lt;01/06/13&gt;. Actual:&lt;&gt;. </Message>
          <StackTrace>   at Test.NewtonFramework.NullablesTest.NullableToStringTest1() in C:\Users\dlepelley\Documents\Code\Newton Framework\Test.NewtonFramework\Test.NewtonFramework\NullablesTest.cs:line 122
</StackTrace>
        </ErrorInfo>
      </Output>
    </UnitTestResult>
  </Results>
</TestRun>